ENOENT: no such file or directory, open 'D:\backend-assets\backend-assets\source\b6\derick-david-409858-unsplash.jpg'
ENOENT: no such file or directory, open 'D:\backend-assets\backend-assets\source\5a\kelly-sikkema-685291-unsplash.jpg'
ENOENT: no such file or directory, open 'D:\backend-assets\backend-assets\source\0b\oscar-ivan-esquivel-arteaga-687447-unsplash.jpg'
ENOENT: no such file or directory, open 'D:\backend-assets\backend-assets\source\28\daniel-korpai-1302051-unsplash.jpg'
ENOENT: no such file or directory, open 'D:\backend-assets\backend-assets\source\e8\alexandru-acea-686569-unsplash.jpg'
ENOENT: no such file or directory, open 'D:\backend-assets\backend-assets\source\2e\liam-briese-1128307-unsplash.jpg'
ENOENT: no such file or directory, open 'D:\backend-assets\backend-assets\source\63\florian-olivo-1166419-unsplash.jpg'
ENOENT: no such file or directory, open 'D:\backend-assets\backend-assets\source\59\vincent-botta-736919-unsplash.jpg'
ENOENT: no such file or directory, open 'D:\backend-assets\backend-assets\source\b8\juan-gomez-674574-unsplash.jpg'
ENOENT: no such file or directory, open 'D:\backend-assets\backend-assets\source\86\thomas-q-1229169-unsplash.jpg'
ENOENT: no such file or directory, open 'D:\backend-assets\backend-assets\source\3c\adam-birkett-239153-unsplash.jpg'
ENOENT: no such file or directory, open 'D:\backend-assets\backend-assets\source\1d\eniko-kis-663725-unsplash.jpg'
ENOENT: no such file or directory, open 'D:\backend-assets\backend-assets\source\21\brandi-redd-104140-unsplash.jpg'
ENOENT: no such file or directory, open 'D:\backend-assets\backend-assets\source\69\jonathan-talbert-697262-unsplash.jpg'
ENOENT: no such file or directory, open 'D:\backend-assets\backend-assets\source\92\zoltan-tasi-423051-unsplash.jpg'
ENOENT: no such file or directory, open 'D:\backend-assets\backend-assets\source\cf\jakob-owens-274337-unsplash.jpg'
ENOENT: no such file or directory, open 'D:\backend-assets\backend-assets\source\0f\patrick-brinksma-663044-unsplash.jpg'
ENOENT: no such file or directory, open 'D:\backend-assets\backend-assets\source\df\chuttersnap-324234-unsplash.jpg'
ENOENT: no such file or directory, open 'D:\backend-assets\backend-assets\source\9e\robert-shunev-528016-unsplash.jpg'
ENOENT: no such file or directory, open 'D:\backend-assets\backend-assets\source\f8\alexander-andrews-260988-unsplash.jpg'
ENOENT: no such file or directory, open 'D:\backend-assets\backend-assets\source\29\mikkel-bech-748940-unsplash.jpg'
ENOENT: no such file or directory, open 'D:\backend-assets\backend-assets\source\b1\stoica-ionela-530966-unsplash.jpg'
ENOENT: no such file or directory, open 'D:\backend-assets\backend-assets\source\3c\neonbrand-428982-unsplash.jpg'
ENOENT: no such file or directory, open 'D:\backend-assets\backend-assets\source\ab\michael-guite-571169-unsplash.jpg'
ENOENT: no such file or directory, open 'D:\backend-assets\backend-assets\source\ed\max-tarkhov-737999-unsplash.jpg'
ENOENT: no such file or directory, open 'D:\backend-assets\backend-assets\source\87\nik-shuliahin-619349-unsplash.jpg'
ENOENT: no such file or directory, open 'D:\backend-assets\backend-assets\source\f3\ben-hershey-574483-unsplash.jpg'
ENOENT: no such file or directory, open 'D:\backend-assets\backend-assets\source\ac\tommy-bebo-600358-unsplash.jpg'
ENOENT: no such file or directory, open 'D:\backend-assets\backend-assets\source\20\chuttersnap-584518-unsplash.jpg'
ENOENT: no such file or directory, open 'D:\backend-assets\backend-assets\source\de\imani-clovis-234736-unsplash.jpg'
ENOENT: no such file or directory, open 'D:\backend-assets\backend-assets\source\5c\xavier-teo-469050-unsplash.jpg'
ENOENT: no such file or directory, open 'D:\backend-assets\backend-assets\source\55\thomas-serer-420833-unsplash.jpg'
ENOENT: no such file or directory, open 'D:\backend-assets\backend-assets\source\01\nikolai-chernichenko-1299748-unsplash.jpg'
ENOENT: no such file or directory, open 'D:\backend-assets\backend-assets\source\2b\mitch-lensink-256007-unsplash.jpg'
ENOENT: no such file or directory, open 'D:\backend-assets\backend-assets\source\92\charles-deluvio-695736-unsplash.jpg'
ENOENT: no such file or directory, open 'D:\backend-assets\backend-assets\source\17\natalia-y-345738-unsplash.jpg'
ENOENT: no such file or directory, open 'D:\backend-assets\backend-assets\source\ff\alex-rodriguez-santibanez-200278-unsplash.jpg'
ENOENT: no such file or directory, open 'D:\backend-assets\backend-assets\source\d5\silvia-agrasar-227575-unsplash.jpg'
ENOENT: no such file or directory, open 'D:\backend-assets\backend-assets\source\f0\caleb-george-536388-unsplash.jpg'
ENOENT: no such file or directory, open 'D:\backend-assets\backend-assets\source\f1\annie-spratt-78044-unsplash.jpg'
ENOENT: no such file or directory, open 'D:\backend-assets\backend-assets\source\e3\zoltan-kovacs-642412-unsplash.jpg'
ENOENT: no such file or directory, open 'D:\backend-assets\backend-assets\source\e6\mark-tegethoff-667351-unsplash.jpg'
ENOENT: no such file or directory, open 'D:\backend-assets\backend-assets\source\10\vincent-liu-525429-unsplash.jpg'
ENOENT: no such file or directory, open 'D:\backend-assets\backend-assets\source\01\neslihan-gunaydin-3493-unsplash.jpg'
ENOENT: no such file or directory, open 'D:\backend-assets\backend-assets\source\a9\florian-klauer-14840-unsplash.jpg'
ENOENT: no such file or directory, open 'D:\backend-assets\backend-assets\source\68\nathan-fertig-249917-unsplash.jpg'
ENOENT: no such file or directory, open 'D:\backend-assets\backend-assets\source\14\paul-weaver-1120584-unsplash.jpg'
ENOENT: no such file or directory, open 'D:\backend-assets\backend-assets\source\39\pierre-chatel-innocenti-483198-unsplash.jpg'
ENOENT: no such file or directory, open 'D:\backend-assets\backend-assets\source\46\abel-y-costa-716024-unsplash.jpg'
ENOENT: no such file or directory, open 'D:\backend-assets\backend-assets\source\4f\kari-shea-398668-unsplash.jpg'
ENOENT: no such file or directory, open 'D:\backend-assets\backend-assets\source\f1\andres-jasso-220776-unsplash.jpg'
ENOENT: no such file or directory, open 'D:\backend-assets\backend-assets\source\95\ruslan-bardash-351288-unsplash.jpg'
ENOENT: no such file or directory, open 'D:\backend-assets\backend-assets\source\7a\benjamin-voros-310026-unsplash.jpg'
ENOENT: no such file or directory, open 'D:\backend-assets\backend-assets\source\94\jean-philippe-delberghe-1400011-unsplash.jpg'